<?xml version="1.0" encoding="UTF-8"?>
<testsuite name="AppTest" tests="7" skipped="0" failures="0" errors="0" timestamp="2016-02-11T00:05:06" hostname="epicodus-117.local" time="0.0">
  <properties/>
  <testcase name="checkWinner_rockBeatsScissors_PlayerTwoWins" classname="AppTest" time="0.0"/>
  <testcase name="checkWinner_tieCase_true" classname="AppTest" time="0.0"/>
  <testcase name="checkWinner_scissorsBeatsPaper_PlayerOnesWins" classname="AppTest" time="0.0"/>
  <testcase name="checkWinner_paperBeatsRock_PlayerOneWins" classname="AppTest" time="0.0"/>
  <testcase name="checkWinner_scissorsBeatsPaper_PlayerTwoWins" classname="AppTest" time="0.0"/>
  <testcase name="checkWinner_paperBeatsRock_PlayerTwoWins" classname="AppTest" time="0.0"/>
  <testcase name="checkWinner_rockBeatsScissors_PlayerOneWins" classname="AppTest" time="0.0"/>
  <system-out><![CDATA[]]></system-out>
  <system-err><![CDATA[]]></system-err>
</testsuite>
